生成启动时间为 2019/9/28 12:15:37。
     1>项目“E:\BIT-coming\Bit__Work\C_woking\revising_数据结构\Pro_BinTree\Pro_BinTree\Pro_BinTree.vcxproj”在节点 2 上(Build 个目标)。
     1>ClCompile:
         C:\Program Files (x86)\Microsoft Visual Studio 12.0\VC\bin\CL.exe /c /ZI /nologo /W3 /WX- /sdl /Od /Oy- /D _MBCS /Gm /EHsc /RTC1 /MDd /GS /fp:precise /Zc:wchar_t /Zc:forScope /Fo"Debug\\" /Fd"Debug\vc120.pdb" /Gd /TC /analyze- /errorReport:prompt bintree.c test.c
         test.c
         bintree.c
     1>e:\bit-coming\bit__work\c_woking\revising_数据结构\pro_bintree\pro_bintree\bintree.c(149): warning C4013: “BinTreeNode_1”未定义；假设外部返回 int
     1>e:\bit-coming\bit__work\c_woking\revising_数据结构\pro_bintree\pro_bintree\bintree.c(173): warning C4047: “==”:“BinTreeNode *”与“int”的间接级别不同
     1>e:\bit-coming\bit__work\c_woking\revising_数据结构\pro_bintree\pro_bintree\bintree.c(189): warning C4553: “==”: 运算符不起任何作用；是否是有意使用“=”的?
         正在生成代码...
     1>e:\bit-coming\bit__work\c_woking\revising_数据结构\pro_bintree\pro_bintree\bintree.c(150): warning C4716: “BinTreeFind”: 必须返回一个值
       Link:
         C:\Program Files (x86)\Microsoft Visual Studio 12.0\VC\bin\link.exe /ERRORREPORT:PROMPT /OUT:"E:\BIT-coming\Bit__Work\C_woking\revising_数据结构\Pro_BinTree\Debug\Pro_BinTree.exe" /INCREMENTAL /NOLOGO kernel32.lib user32.lib gdi32.lib winspool.lib comdlg32.lib advapi32.lib shell32.lib ole32.lib oleaut32.lib uuid.lib odbc32.lib odbccp32.lib /MANIFEST /MANIFESTUAC:"level='asInvoker' uiAccess='false'" /manifest:embed /DEBUG /PDB:"E:\BIT-coming\Bit__Work\C_woking\revising_数据结构\Pro_BinTree\Debug\Pro_BinTree.pdb" /TLBID:1 /DYNAMICBASE /NXCOMPAT /IMPLIB:"E:\BIT-coming\Bit__Work\C_woking\revising_数据结构\Pro_BinTree\Debug\Pro_BinTree.lib" /MACHINE:X86 Debug\bintree.obj
         Debug\test.obj
     1>bintree.obj : error LNK2019: 无法解析的外部符号 _BinTreeNode_1，该符号在函数 _BinTreeFind 中被引用
     1>E:\BIT-coming\Bit__Work\C_woking\revising_数据结构\Pro_BinTree\Debug\Pro_BinTree.exe : fatal error LNK1120: 1 个无法解析的外部命令
     1>已完成生成项目“E:\BIT-coming\Bit__Work\C_woking\revising_数据结构\Pro_BinTree\Pro_BinTree\Pro_BinTree.vcxproj”(Build 个目标)的操作 - 失败。

生成失败。

已用时间 00:00:00.72
